2024-07-27T17:10:37.233Z [Modules] Modules initializing
2024-07-27T17:10:37.233Z [Modules] Distribution: remote
2024-07-27T17:10:37.234Z [Modules] Host updates: enabled
2024-07-27T17:10:37.234Z [Modules] Module updates: enabled
2024-07-27T17:10:37.234Z [Modules] Module install path: /home/initmanfig/.config/discord/0.0.61/modules
2024-07-27T17:10:37.234Z [Modules] Module installed file path: /home/initmanfig/.config/discord/0.0.61/modules/installed.json
2024-07-27T17:10:37.234Z [Modules] Module download path: /home/initmanfig/.config/discord/0.0.61/modules/pending
2024-07-27T17:10:39.369Z [Modules] Bootstrapping...
2024-07-27T17:10:39.370Z [Modules] Installing discord_desktop_core@0 from /opt/discord/resources/bootstrap/discord_desktop_core.zip
2024-07-27T17:10:39.374Z [Modules] Failed installing discord_desktop_core@0: Error: ENOENT: no such file or directory, open '/opt/discord/resources/bootstrap/discord_desktop_core.zip'
2024-07-27T17:10:39.375Z [Modules] Installing discord_erlpack@0 from /opt/discord/resources/bootstrap/discord_erlpack.zip
2024-07-27T17:10:39.381Z [Modules] Failed installing discord_erlpack@0: Error: ENOENT: no such file or directory, open '/opt/discord/resources/bootstrap/discord_erlpack.zip'
2024-07-27T17:10:39.381Z [Modules] Installing discord_spellcheck@0 from /opt/discord/resources/bootstrap/discord_spellcheck.zip
2024-07-27T17:10:39.383Z [Modules] Failed installing discord_spellcheck@0: Error: ENOENT: no such file or directory, open '/opt/discord/resources/bootstrap/discord_spellcheck.zip'
2024-07-27T17:10:39.384Z [Modules] Installing discord_utils@0 from /opt/discord/resources/bootstrap/discord_utils.zip
2024-07-27T17:10:39.385Z [Modules] Failed installing discord_utils@0: Error: ENOENT: no such file or directory, open '/opt/discord/resources/bootstrap/discord_utils.zip'
2024-07-27T17:10:39.385Z [Modules] Installing discord_voice@0 from /opt/discord/resources/bootstrap/discord_voice.zip
2024-07-27T17:10:39.387Z [Modules] Failed installing discord_voice@0: Error: ENOENT: no such file or directory, open '/opt/discord/resources/bootstrap/discord_voice.zip'
2024-07-27T17:10:39.387Z [Modules] Installing discord_zstd@0 from /opt/discord/resources/bootstrap/discord_zstd.zip
2024-07-27T17:10:39.388Z [Modules] Failed installing discord_zstd@0: Error: ENOENT: no such file or directory, open '/opt/discord/resources/bootstrap/discord_zstd.zip'
2024-07-27T17:10:39.388Z [Modules] Finished module installations. [success: 0] [failure: 6]
2024-07-27T17:10:39.389Z [Modules] Checking for host updates.
2024-07-27T17:10:40.261Z [Modules] Host is up to date.
2024-07-27T17:10:40.262Z [Modules] Checking for module updates at https://discord.com/api/modules/stable/versions.json
2024-07-27T17:10:40.373Z [Modules] Module update available: discord_desktop_core@1 [installed: 0]
2024-07-27T17:10:40.373Z [Modules] Module update available: discord_erlpack@1 [installed: 0]
2024-07-27T17:10:40.374Z [Modules] Module update available: discord_spellcheck@1 [installed: 0]
2024-07-27T17:10:40.374Z [Modules] Module update available: discord_utils@1 [installed: 0]
2024-07-27T17:10:40.374Z [Modules] Module update available: discord_voice@1 [installed: 0]
2024-07-27T17:10:40.374Z [Modules] Module update available: discord_zstd@1 [installed: 0]
2024-07-27T17:10:40.375Z [Modules] Fetching discord_desktop_core@1 from https://discord.com/api/modules/stable/discord_desktop_core/1
2024-07-27T17:10:40.375Z [Modules] Streaming discord_desktop_core@1 to /home/initmanfig/.config/discord/0.0.61/modules/pending/discord_desktop_core-1.zip
2024-07-27T17:10:40.862Z [Modules] Streaming discord_desktop_core@1 to /home/initmanfig/.config/discord/0.0.61/modules/pending/discord_desktop_core-1.zip: 1%
2024-07-27T17:10:40.869Z [Modules] Streaming discord_desktop_core@1 to /home/initmanfig/.config/discord/0.0.61/modules/pending/discord_desktop_core-1.zip: 2%
2024-07-27T17:10:40.874Z [Modules] Streaming discord_desktop_core@1 to /home/initmanfig/.config/discord/0.0.61/modules/pending/discord_desktop_core-1.zip: 3%
2024-07-27T17:10:40.886Z [Modules] Streaming discord_desktop_core@1 to /home/initmanfig/.config/discord/0.0.61/modules/pending/discord_desktop_core-1.zip: 5%
2024-07-27T17:10:40.888Z [Modules] Streaming discord_desktop_core@1 to /home/initmanfig/.config/discord/0.0.61/modules/pending/discord_desktop_core-1.zip: 6%
2024-07-27T17:10:40.892Z [Modules] Streaming discord_desktop_core@1 to /home/initmanfig/.config/discord/0.0.61/modules/pending/discord_desktop_core-1.zip: 8%
2024-07-27T17:10:40.898Z [Modules] Streaming discord_desktop_core@1 to /home/initmanfig/.config/discord/0.0.61/modules/pending/discord_desktop_core-1.zip: 10%
2024-07-27T17:10:40.900Z [Modules] Streaming discord_desktop_core@1 to /home/initmanfig/.config/discord/0.0.61/modules/pending/discord_desktop_core-1.zip: 12%
2024-07-27T17:10:40.903Z [Modules] Streaming discord_desktop_core@1 to /home/initmanfig/.config/discord/0.0.61/modules/pending/discord_desktop_core-1.zip: 13%
2024-07-27T17:10:40.905Z [Modules] Streaming discord_desktop_core@1 to /home/initmanfig/.config/discord/0.0.61/modules/pending/discord_desktop_core-1.zip: 14%
2024-07-27T17:10:40.908Z [Modules] Streaming discord_desktop_core@1 to /home/initmanfig/.config/discord/0.0.61/modules/pending/discord_desktop_core-1.zip: 17%
2024-07-27T17:10:40.910Z [Modules] Streaming discord_desktop_core@1 to /home/initmanfig/.config/discord/0.0.61/modules/pending/discord_desktop_core-1.zip: 20%
2024-07-27T17:10:40.911Z [Modules] Streaming discord_desktop_core@1 to /home/initmanfig/.config/discord/0.0.61/modules/pending/discord_desktop_core-1.zip: 22%
2024-07-27T17:10:40.914Z [Modules] Streaming discord_desktop_core@1 to /home/initmanfig/.config/discord/0.0.61/modules/pending/discord_desktop_core-1.zip: 25%
2024-07-27T17:10:40.915Z [Modules] Streaming discord_desktop_core@1 to /home/initmanfig/.config/discord/0.0.61/modules/pending/discord_desktop_core-1.zip: 27%
2024-07-27T17:10:40.917Z [Modules] Streaming discord_desktop_core@1 to /home/initmanfig/.config/discord/0.0.61/modules/pending/discord_desktop_core-1.zip: 29%
2024-07-27T17:10:40.918Z [Modules] Streaming discord_desktop_core@1 to /home/initmanfig/.config/discord/0.0.61/modules/pending/discord_desktop_core-1.zip: 30%
2024-07-27T17:10:40.920Z [Modules] Streaming discord_desktop_core@1 to /home/initmanfig/.config/discord/0.0.61/modules/pending/discord_desktop_core-1.zip: 34%
2024-07-27T17:10:40.921Z [Modules] Streaming discord_desktop_core@1 to /home/initmanfig/.config/discord/0.0.61/modules/pending/discord_desktop_core-1.zip: 36%
2024-07-27T17:10:40.923Z [Modules] Streaming discord_desktop_core@1 to /home/initmanfig/.config/discord/0.0.61/modules/pending/discord_desktop_core-1.zip: 39%
2024-07-27T17:10:40.924Z [Modules] Streaming discord_desktop_core@1 to /home/initmanfig/.config/discord/0.0.61/modules/pending/discord_desktop_core-1.zip: 40%
2024-07-27T17:10:40.925Z [Modules] Streaming discord_desktop_core@1 to /home/initmanfig/.config/discord/0.0.61/modules/pending/discord_desktop_core-1.zip: 43%
2024-07-27T17:10:40.927Z [Modules] Streaming discord_desktop_core@1 to /home/initmanfig/.config/discord/0.0.61/modules/pending/discord_desktop_core-1.zip: 48%
2024-07-27T17:10:40.928Z [Modules] Streaming discord_desktop_core@1 to /home/initmanfig/.config/discord/0.0.61/modules/pending/discord_desktop_core-1.zip: 51%
2024-07-27T17:10:40.929Z [Modules] Streaming discord_desktop_core@1 to /home/initmanfig/.config/discord/0.0.61/modules/pending/discord_desktop_core-1.zip: 53%
2024-07-27T17:10:40.930Z [Modules] Streaming discord_desktop_core@1 to /home/initmanfig/.config/discord/0.0.61/modules/pending/discord_desktop_core-1.zip: 55%
2024-07-27T17:10:40.931Z [Modules] Streaming discord_desktop_core@1 to /home/initmanfig/.config/discord/0.0.61/modules/pending/discord_desktop_core-1.zip: 59%
2024-07-27T17:10:40.932Z [Modules] Streaming discord_desktop_core@1 to /home/initmanfig/.config/discord/0.0.61/modules/pending/discord_desktop_core-1.zip: 62%
2024-07-27T17:10:40.933Z [Modules] Streaming discord_desktop_core@1 to /home/initmanfig/.config/discord/0.0.61/modules/pending/discord_desktop_core-1.zip: 64%
2024-07-27T17:10:40.934Z [Modules] Streaming discord_desktop_core@1 to /home/initmanfig/.config/discord/0.0.61/modules/pending/discord_desktop_core-1.zip: 69%
2024-07-27T17:10:40.935Z [Modules] Streaming discord_desktop_core@1 to /home/initmanfig/.config/discord/0.0.61/modules/pending/discord_desktop_core-1.zip: 71%
2024-07-27T17:10:40.936Z [Modules] Streaming discord_desktop_core@1 to /home/initmanfig/.config/discord/0.0.61/modules/pending/discord_desktop_core-1.zip: 74%
2024-07-27T17:10:40.937Z [Modules] Streaming discord_desktop_core@1 to /home/initmanfig/.config/discord/0.0.61/modules/pending/discord_desktop_core-1.zip: 76%
2024-07-27T17:10:40.938Z [Modules] Streaming discord_desktop_core@1 to /home/initmanfig/.config/discord/0.0.61/modules/pending/discord_desktop_core-1.zip: 79%
2024-07-27T17:10:40.940Z [Modules] Streaming discord_desktop_core@1 to /home/initmanfig/.config/discord/0.0.61/modules/pending/discord_desktop_core-1.zip: 81%
2024-07-27T17:10:40.940Z [Modules] Streaming discord_desktop_core@1 to /home/initmanfig/.config/discord/0.0.61/modules/pending/discord_desktop_core-1.zip: 83%
2024-07-27T17:10:40.941Z [Modules] Streaming discord_desktop_core@1 to /home/initmanfig/.config/discord/0.0.61/modules/pending/discord_desktop_core-1.zip: 86%
2024-07-27T17:10:40.942Z [Modules] Streaming discord_desktop_core@1 to /home/initmanfig/.config/discord/0.0.61/modules/pending/discord_desktop_core-1.zip: 88%
2024-07-27T17:10:40.950Z [Modules] Streaming discord_desktop_core@1 to /home/initmanfig/.config/discord/0.0.61/modules/pending/discord_desktop_core-1.zip: 91%
2024-07-27T17:10:40.952Z [Modules] Streaming discord_desktop_core@1 to /home/initmanfig/.config/discord/0.0.61/modules/pending/discord_desktop_core-1.zip: 93%
2024-07-27T17:10:40.953Z [Modules] Streaming discord_desktop_core@1 to /home/initmanfig/.config/discord/0.0.61/modules/pending/discord_desktop_core-1.zip: 95%
2024-07-27T17:10:40.954Z [Modules] Streaming discord_desktop_core@1 to /home/initmanfig/.config/discord/0.0.61/modules/pending/discord_desktop_core-1.zip: 98%
2024-07-27T17:10:40.955Z [Modules] Streaming discord_desktop_core@1 to /home/initmanfig/.config/discord/0.0.61/modules/pending/discord_desktop_core-1.zip: 100%
2024-07-27T17:10:40.957Z [Modules] Fetching discord_erlpack@1 from https://discord.com/api/modules/stable/discord_erlpack/1
2024-07-27T17:10:40.958Z [Modules] Streaming discord_erlpack@1 to /home/initmanfig/.config/discord/0.0.61/modules/pending/discord_erlpack-1.zip
2024-07-27T17:10:41.156Z [Modules] Streaming discord_erlpack@1 to /home/initmanfig/.config/discord/0.0.61/modules/pending/discord_erlpack-1.zip: 3%
2024-07-27T17:10:41.158Z [Modules] Streaming discord_erlpack@1 to /home/initmanfig/.config/discord/0.0.61/modules/pending/discord_erlpack-1.zip: 6%
2024-07-27T17:10:41.161Z [Modules] Streaming discord_erlpack@1 to /home/initmanfig/.config/discord/0.0.61/modules/pending/discord_erlpack-1.zip: 18%
2024-07-27T17:10:41.163Z [Modules] Streaming discord_erlpack@1 to /home/initmanfig/.config/discord/0.0.61/modules/pending/discord_erlpack-1.zip: 24%
2024-07-27T17:10:41.167Z [Modules] Streaming discord_erlpack@1 to /home/initmanfig/.config/discord/0.0.61/modules/pending/discord_erlpack-1.zip: 36%
2024-07-27T17:10:41.171Z [Modules] Streaming discord_erlpack@1 to /home/initmanfig/.config/discord/0.0.61/modules/pending/discord_erlpack-1.zip: 46%
2024-07-27T17:10:41.174Z [Modules] Streaming discord_erlpack@1 to /home/initmanfig/.config/discord/0.0.61/modules/pending/discord_erlpack-1.zip: 58%
2024-07-27T17:10:41.177Z [Modules] Streaming discord_erlpack@1 to /home/initmanfig/.config/discord/0.0.61/modules/pending/discord_erlpack-1.zip: 73%
2024-07-27T17:10:41.189Z [Modules] Streaming discord_erlpack@1 to /home/initmanfig/.config/discord/0.0.61/modules/pending/discord_erlpack-1.zip: 76%
2024-07-27T17:10:41.192Z [Modules] Streaming discord_erlpack@1 to /home/initmanfig/.config/discord/0.0.61/modules/pending/discord_erlpack-1.zip: 79%
2024-07-27T17:10:41.194Z [Modules] Streaming discord_erlpack@1 to /home/initmanfig/.config/discord/0.0.61/modules/pending/discord_erlpack-1.zip: 86%
2024-07-27T17:10:41.196Z [Modules] Streaming discord_erlpack@1 to /home/initmanfig/.config/discord/0.0.61/modules/pending/discord_erlpack-1.zip: 97%
2024-07-27T17:10:41.198Z [Modules] Streaming discord_erlpack@1 to /home/initmanfig/.config/discord/0.0.61/modules/pending/discord_erlpack-1.zip: 100%
2024-07-27T17:10:41.200Z [Modules] Fetching discord_spellcheck@1 from https://discord.com/api/modules/stable/discord_spellcheck/1
2024-07-27T17:10:41.200Z [Modules] Streaming discord_spellcheck@1 to /home/initmanfig/.config/discord/0.0.61/modules/pending/discord_spellcheck-1.zip
2024-07-27T17:10:41.508Z [Modules] Streaming discord_spellcheck@1 to /home/initmanfig/.config/discord/0.0.61/modules/pending/discord_spellcheck-1.zip: 1%
2024-07-27T17:10:41.509Z [Modules] Streaming discord_spellcheck@1 to /home/initmanfig/.config/discord/0.0.61/modules/pending/discord_spellcheck-1.zip: 2%
2024-07-27T17:10:41.515Z [Modules] Streaming discord_spellcheck@1 to /home/initmanfig/.config/discord/0.0.61/modules/pending/discord_spellcheck-1.zip: 3%
2024-07-27T17:10:41.517Z [Modules] Streaming discord_spellcheck@1 to /home/initmanfig/.config/discord/0.0.61/modules/pending/discord_spellcheck-1.zip: 4%
2024-07-27T17:10:41.522Z [Modules] Streaming discord_spellcheck@1 to /home/initmanfig/.config/discord/0.0.61/modules/pending/discord_spellcheck-1.zip: 5%
2024-07-27T17:10:41.524Z [Modules] Streaming discord_spellcheck@1 to /home/initmanfig/.config/discord/0.0.61/modules/pending/discord_spellcheck-1.zip: 6%
2024-07-27T17:10:41.526Z [Modules] Streaming discord_spellcheck@1 to /home/initmanfig/.config/discord/0.0.61/modules/pending/discord_spellcheck-1.zip: 10%
2024-07-27T17:10:41.529Z [Modules] Streaming discord_spellcheck@1 to /home/initmanfig/.config/discord/0.0.61/modules/pending/discord_spellcheck-1.zip: 12%
2024-07-27T17:10:41.532Z [Modules] Streaming discord_spellcheck@1 to /home/initmanfig/.config/discord/0.0.61/modules/pending/discord_spellcheck-1.zip: 14%
2024-07-27T17:10:41.534Z [Modules] Streaming discord_spellcheck@1 to /home/initmanfig/.config/discord/0.0.61/modules/pending/discord_spellcheck-1.zip: 16%
2024-07-27T17:10:41.536Z [Modules] Streaming discord_spellcheck@1 to /home/initmanfig/.config/discord/0.0.61/modules/pending/discord_spellcheck-1.zip: 17%
2024-07-27T17:10:41.537Z [Modules] Streaming discord_spellcheck@1 to /home/initmanfig/.config/discord/0.0.61/modules/pending/discord_spellcheck-1.zip: 19%
2024-07-27T17:10:41.561Z [Modules] Streaming discord_spellcheck@1 to /home/initmanfig/.config/discord/0.0.61/modules/pending/discord_spellcheck-1.zip: 20%
2024-07-27T17:10:41.563Z [Modules] Streaming discord_spellcheck@1 to /home/initmanfig/.config/discord/0.0.61/modules/pending/discord_spellcheck-1.zip: 23%
2024-07-27T17:10:41.565Z [Modules] Streaming discord_spellcheck@1 to /home/initmanfig/.config/discord/0.0.61/modules/pending/discord_spellcheck-1.zip: 27%
2024-07-27T17:10:41.567Z [Modules] Streaming discord_spellcheck@1 to /home/initmanfig/.config/discord/0.0.61/modules/pending/discord_spellcheck-1.zip: 29%
2024-07-27T17:10:41.568Z [Modules] Streaming discord_spellcheck@1 to /home/initmanfig/.config/discord/0.0.61/modules/pending/discord_spellcheck-1.zip: 31%
2024-07-27T17:10:41.569Z [Modules] Streaming discord_spellcheck@1 to /home/initmanfig/.config/discord/0.0.61/modules/pending/discord_spellcheck-1.zip: 33%
2024-07-27T17:10:41.571Z [Modules] Streaming discord_spellcheck@1 to /home/initmanfig/.config/discord/0.0.61/modules/pending/discord_spellcheck-1.zip: 37%
2024-07-27T17:10:41.572Z [Modules] Streaming discord_spellcheck@1 to /home/initmanfig/.config/discord/0.0.61/modules/pending/discord_spellcheck-1.zip: 38%
2024-07-27T17:10:41.577Z [Modules] Streaming discord_spellcheck@1 to /home/initmanfig/.config/discord/0.0.61/modules/pending/discord_spellcheck-1.zip: 39%
2024-07-27T17:10:41.580Z [Modules] Streaming discord_spellcheck@1 to /home/initmanfig/.config/discord/0.0.61/modules/pending/discord_spellcheck-1.zip: 40%
2024-07-27T17:10:41.583Z [Modules] Streaming discord_spellcheck@1 to /home/initmanfig/.config/discord/0.0.61/modules/pending/discord_spellcheck-1.zip: 41%
2024-07-27T17:10:41.586Z [Modules] Streaming discord_spellcheck@1 to /home/initmanfig/.config/discord/0.0.61/modules/pending/discord_spellcheck-1.zip: 44%
2024-07-27T17:10:41.588Z [Modules] Streaming discord_spellcheck@1 to /home/initmanfig/.config/discord/0.0.61/modules/pending/discord_spellcheck-1.zip: 46%
2024-07-27T17:10:41.590Z [Modules] Streaming discord_spellcheck@1 to /home/initmanfig/.config/discord/0.0.61/modules/pending/discord_spellcheck-1.zip: 47%
2024-07-27T17:10:41.591Z [Modules] Streaming discord_spellcheck@1 to /home/initmanfig/.config/discord/0.0.61/modules/pending/discord_spellcheck-1.zip: 49%
2024-07-27T17:10:41.593Z [Modules] Streaming discord_spellcheck@1 to /home/initmanfig/.config/discord/0.0.61/modules/pending/discord_spellcheck-1.zip: 50%
2024-07-27T17:10:41.594Z [Modules] Streaming discord_spellcheck@1 to /home/initmanfig/.config/discord/0.0.61/modules/pending/discord_spellcheck-1.zip: 51%
2024-07-27T17:10:41.595Z [Modules] Streaming discord_spellcheck@1 to /home/initmanfig/.config/discord/0.0.61/modules/pending/discord_spellcheck-1.zip: 52%
2024-07-27T17:10:41.597Z [Modules] Streaming discord_spellcheck@1 to /home/initmanfig/.config/discord/0.0.61/modules/pending/discord_spellcheck-1.zip: 53%
2024-07-27T17:10:41.624Z [Modules] Streaming discord_spellcheck@1 to /home/initmanfig/.config/discord/0.0.61/modules/pending/discord_spellcheck-1.zip: 54%
2024-07-27T17:10:41.625Z [Modules] Streaming discord_spellcheck@1 to /home/initmanfig/.config/discord/0.0.61/modules/pending/discord_spellcheck-1.zip: 56%
2024-07-27T17:10:41.627Z [Modules] Streaming discord_spellcheck@1 to /home/initmanfig/.config/discord/0.0.61/modules/pending/discord_spellcheck-1.zip: 58%
2024-07-27T17:10:41.628Z [Modules] Streaming discord_spellcheck@1 to /home/initmanfig/.config/discord/0.0.61/modules/pending/discord_spellcheck-1.zip: 61%
2024-07-27T17:10:41.630Z [Modules] Streaming discord_spellcheck@1 to /home/initmanfig/.config/discord/0.0.61/modules/pending/discord_spellcheck-1.zip: 62%
2024-07-27T17:10:41.631Z [Modules] Streaming discord_spellcheck@1 to /home/initmanfig/.config/discord/0.0.61/modules/pending/discord_spellcheck-1.zip: 67%
2024-07-27T17:10:41.633Z [Modules] Streaming discord_spellcheck@1 to /home/initmanfig/.config/discord/0.0.61/modules/pending/discord_spellcheck-1.zip: 71%
2024-07-27T17:10:41.634Z [Modules] Streaming discord_spellcheck@1 to /home/initmanfig/.config/discord/0.0.61/modules/pending/discord_spellcheck-1.zip: 72%
2024-07-27T17:10:41.639Z [Modules] Streaming discord_spellcheck@1 to /home/initmanfig/.config/discord/0.0.61/modules/pending/discord_spellcheck-1.zip: 73%
2024-07-27T17:10:41.640Z [Modules] Streaming discord_spellcheck@1 to /home/initmanfig/.config/discord/0.0.61/modules/pending/discord_spellcheck-1.zip: 74%
2024-07-27T17:10:41.642Z [Modules] Streaming discord_spellcheck@1 to /home/initmanfig/.config/discord/0.0.61/modules/pending/discord_spellcheck-1.zip: 75%
2024-07-27T17:10:41.643Z [Modules] Streaming discord_spellcheck@1 to /home/initmanfig/.config/discord/0.0.61/modules/pending/discord_spellcheck-1.zip: 76%
2024-07-27T17:10:41.645Z [Modules] Streaming discord_spellcheck@1 to /home/initmanfig/.config/discord/0.0.61/modules/pending/discord_spellcheck-1.zip: 77%
2024-07-27T17:10:41.647Z [Modules] Streaming discord_spellcheck@1 to /home/initmanfig/.config/discord/0.0.61/modules/pending/discord_spellcheck-1.zip: 78%
2024-07-27T17:10:41.649Z [Modules] Streaming discord_spellcheck@1 to /home/initmanfig/.config/discord/0.0.61/modules/pending/discord_spellcheck-1.zip: 79%
2024-07-27T17:10:41.650Z [Modules] Streaming discord_spellcheck@1 to /home/initmanfig/.config/discord/0.0.61/modules/pending/discord_spellcheck-1.zip: 80%
2024-07-27T17:10:41.651Z [Modules] Streaming discord_spellcheck@1 to /home/initmanfig/.config/discord/0.0.61/modules/pending/discord_spellcheck-1.zip: 81%
2024-07-27T17:10:41.652Z [Modules] Streaming discord_spellcheck@1 to /home/initmanfig/.config/discord/0.0.61/modules/pending/discord_spellcheck-1.zip: 82%
2024-07-27T17:10:41.654Z [Modules] Streaming discord_spellcheck@1 to /home/initmanfig/.config/discord/0.0.61/modules/pending/discord_spellcheck-1.zip: 83%
2024-07-27T17:10:41.656Z [Modules] Streaming discord_spellcheck@1 to /home/initmanfig/.config/discord/0.0.61/modules/pending/discord_spellcheck-1.zip: 84%
2024-07-27T17:10:41.657Z [Modules] Streaming discord_spellcheck@1 to /home/initmanfig/.config/discord/0.0.61/modules/pending/discord_spellcheck-1.zip: 85%
2024-07-27T17:10:41.660Z [Modules] Streaming discord_spellcheck@1 to /home/initmanfig/.config/discord/0.0.61/modules/pending/discord_spellcheck-1.zip: 86%
2024-07-27T17:10:41.661Z [Modules] Streaming discord_spellcheck@1 to /home/initmanfig/.config/discord/0.0.61/modules/pending/discord_spellcheck-1.zip: 87%
2024-07-27T17:10:41.663Z [Modules] Streaming discord_spellcheck@1 to /home/initmanfig/.config/discord/0.0.61/modules/pending/discord_spellcheck-1.zip: 88%
2024-07-27T17:10:41.664Z [Modules] Streaming discord_spellcheck@1 to /home/initmanfig/.config/discord/0.0.61/modules/pending/discord_spellcheck-1.zip: 89%
2024-07-27T17:10:41.665Z [Modules] Streaming discord_spellcheck@1 to /home/initmanfig/.config/discord/0.0.61/modules/pending/discord_spellcheck-1.zip: 90%
2024-07-27T17:10:41.667Z [Modules] Streaming discord_spellcheck@1 to /home/initmanfig/.config/discord/0.0.61/modules/pending/discord_spellcheck-1.zip: 91%
2024-07-27T17:10:41.669Z [Modules] Streaming discord_spellcheck@1 to /home/initmanfig/.config/discord/0.0.61/modules/pending/discord_spellcheck-1.zip: 92%
2024-07-27T17:10:41.670Z [Modules] Streaming discord_spellcheck@1 to /home/initmanfig/.config/discord/0.0.61/modules/pending/discord_spellcheck-1.zip: 93%
2024-07-27T17:10:41.671Z [Modules] Streaming discord_spellcheck@1 to /home/initmanfig/.config/discord/0.0.61/modules/pending/discord_spellcheck-1.zip: 94%
2024-07-27T17:10:41.673Z [Modules] Streaming discord_spellcheck@1 to /home/initmanfig/.config/discord/0.0.61/modules/pending/discord_spellcheck-1.zip: 95%
2024-07-27T17:10:41.674Z [Modules] Streaming discord_spellcheck@1 to /home/initmanfig/.config/discord/0.0.61/modules/pending/discord_spellcheck-1.zip: 96%
2024-07-27T17:10:41.676Z [Modules] Streaming discord_spellcheck@1 to /home/initmanfig/.config/discord/0.0.61/modules/pending/discord_spellcheck-1.zip: 97%
2024-07-27T17:10:41.677Z [Modules] Streaming discord_spellcheck@1 to /home/initmanfig/.config/discord/0.0.61/modules/pending/discord_spellcheck-1.zip: 98%
2024-07-27T17:10:41.679Z [Modules] Streaming discord_spellcheck@1 to /home/initmanfig/.config/discord/0.0.61/modules/pending/discord_spellcheck-1.zip: 99%
2024-07-27T17:10:41.680Z [Modules] Streaming discord_spellcheck@1 to /home/initmanfig/.config/discord/0.0.61/modules/pending/discord_spellcheck-1.zip: 100%
2024-07-27T17:10:41.681Z [Modules] Fetching discord_utils@1 from https://discord.com/api/modules/stable/discord_utils/1
2024-07-27T17:10:41.681Z [Modules] Streaming discord_utils@1 to /home/initmanfig/.config/discord/0.0.61/modules/pending/discord_utils-1.zip
2024-07-27T17:10:41.888Z [Modules] Streaming discord_utils@1 to /home/initmanfig/.config/discord/0.0.61/modules/pending/discord_utils-1.zip: 2%
2024-07-27T17:10:41.892Z [Modules] Streaming discord_utils@1 to /home/initmanfig/.config/discord/0.0.61/modules/pending/discord_utils-1.zip: 12%
2024-07-27T17:10:41.900Z [Modules] Streaming discord_utils@1 to /home/initmanfig/.config/discord/0.0.61/modules/pending/discord_utils-1.zip: 27%
2024-07-27T17:10:41.908Z [Modules] Streaming discord_utils@1 to /home/initmanfig/.config/discord/0.0.61/modules/pending/discord_utils-1.zip: 45%
2024-07-27T17:10:41.911Z [Modules] Streaming discord_utils@1 to /home/initmanfig/.config/discord/0.0.61/modules/pending/discord_utils-1.zip: 47%
2024-07-27T17:10:41.925Z [Modules] Streaming discord_utils@1 to /home/initmanfig/.config/discord/0.0.61/modules/pending/discord_utils-1.zip: 49%
2024-07-27T17:10:41.927Z [Modules] Streaming discord_utils@1 to /home/initmanfig/.config/discord/0.0.61/modules/pending/discord_utils-1.zip: 53%
2024-07-27T17:10:41.932Z [Modules] Streaming discord_utils@1 to /home/initmanfig/.config/discord/0.0.61/modules/pending/discord_utils-1.zip: 55%
2024-07-27T17:10:41.946Z [Modules] Streaming discord_utils@1 to /home/initmanfig/.config/discord/0.0.61/modules/pending/discord_utils-1.zip: 62%
2024-07-27T17:10:41.952Z [Modules] Streaming discord_utils@1 to /home/initmanfig/.config/discord/0.0.61/modules/pending/discord_utils-1.zip: 100%
2024-07-27T17:10:41.958Z [Modules] Fetching discord_voice@1 from https://discord.com/api/modules/stable/discord_voice/1
2024-07-27T17:10:41.959Z [Modules] Streaming discord_voice@1 to /home/initmanfig/.config/discord/0.0.61/modules/pending/discord_voice-1.zip
2024-07-27T17:10:42.448Z [Modules] Streaming discord_voice@1 to /home/initmanfig/.config/discord/0.0.61/modules/pending/discord_voice-1.zip: 1%
2024-07-27T17:10:42.451Z [Modules] Streaming discord_voice@1 to /home/initmanfig/.config/discord/0.0.61/modules/pending/discord_voice-1.zip: 2%
2024-07-27T17:10:42.476Z [Modules] Streaming discord_voice@1 to /home/initmanfig/.config/discord/0.0.61/modules/pending/discord_voice-1.zip: 3%
2024-07-27T17:10:42.489Z [Modules] Streaming discord_voice@1 to /home/initmanfig/.config/discord/0.0.61/modules/pending/discord_voice-1.zip: 4%
2024-07-27T17:10:42.492Z [Modules] Streaming discord_voice@1 to /home/initmanfig/.config/discord/0.0.61/modules/pending/discord_voice-1.zip: 5%
2024-07-27T17:10:42.508Z [Modules] Streaming discord_voice@1 to /home/initmanfig/.config/discord/0.0.61/modules/pending/discord_voice-1.zip: 6%
2024-07-27T17:10:42.511Z [Modules] Streaming discord_voice@1 to /home/initmanfig/.config/discord/0.0.61/modules/pending/discord_voice-1.zip: 7%
2024-07-27T17:10:42.517Z [Modules] Streaming discord_voice@1 to /home/initmanfig/.config/discord/0.0.61/modules/pending/discord_voice-1.zip: 8%
2024-07-27T17:10:42.520Z [Modules] Streaming discord_voice@1 to /home/initmanfig/.config/discord/0.0.61/modules/pending/discord_voice-1.zip: 9%
2024-07-27T17:10:42.522Z [Modules] Streaming discord_voice@1 to /home/initmanfig/.config/discord/0.0.61/modules/pending/discord_voice-1.zip: 10%
2024-07-27T17:10:42.524Z [Modules] Streaming discord_voice@1 to /home/initmanfig/.config/discord/0.0.61/modules/pending/discord_voice-1.zip: 11%
2024-07-27T17:10:42.528Z [Modules] Streaming discord_voice@1 to /home/initmanfig/.config/discord/0.0.61/modules/pending/discord_voice-1.zip: 12%
2024-07-27T17:10:42.533Z [Modules] Streaming discord_voice@1 to /home/initmanfig/.config/discord/0.0.61/modules/pending/discord_voice-1.zip: 13%
2024-07-27T17:10:42.538Z [Modules] Streaming discord_voice@1 to /home/initmanfig/.config/discord/0.0.61/modules/pending/discord_voice-1.zip: 14%
2024-07-27T17:10:42.541Z [Modules] Streaming discord_voice@1 to /home/initmanfig/.config/discord/0.0.61/modules/pending/discord_voice-1.zip: 15%
2024-07-27T17:10:42.544Z [Modules] Streaming discord_voice@1 to /home/initmanfig/.config/discord/0.0.61/modules/pending/discord_voice-1.zip: 16%
2024-07-27T17:10:42.550Z [Modules] Streaming discord_voice@1 to /home/initmanfig/.config/discord/0.0.61/modules/pending/discord_voice-1.zip: 17%
2024-07-27T17:10:42.553Z [Modules] Streaming discord_voice@1 to /home/initmanfig/.config/discord/0.0.61/modules/pending/discord_voice-1.zip: 18%
2024-07-27T17:10:42.556Z [Modules] Streaming discord_voice@1 to /home/initmanfig/.config/discord/0.0.61/modules/pending/discord_voice-1.zip: 19%
2024-07-27T17:10:42.559Z [Modules] Streaming discord_voice@1 to /home/initmanfig/.config/discord/0.0.61/modules/pending/discord_voice-1.zip: 20%
2024-07-27T17:10:42.562Z [Modules] Streaming discord_voice@1 to /home/initmanfig/.config/discord/0.0.61/modules/pending/discord_voice-1.zip: 21%
2024-07-27T17:10:42.566Z [Modules] Streaming discord_voice@1 to /home/initmanfig/.config/discord/0.0.61/modules/pending/discord_voice-1.zip: 22%
2024-07-27T17:10:42.569Z [Modules] Streaming discord_voice@1 to /home/initmanfig/.config/discord/0.0.61/modules/pending/discord_voice-1.zip: 23%
2024-07-27T17:10:42.572Z [Modules] Streaming discord_voice@1 to /home/initmanfig/.config/discord/0.0.61/modules/pending/discord_voice-1.zip: 24%
2024-07-27T17:10:42.575Z [Modules] Streaming discord_voice@1 to /home/initmanfig/.config/discord/0.0.61/modules/pending/discord_voice-1.zip: 25%
2024-07-27T17:10:42.579Z [Modules] Streaming discord_voice@1 to /home/initmanfig/.config/discord/0.0.61/modules/pending/discord_voice-1.zip: 26%
2024-07-27T17:10:42.585Z [Modules] Streaming discord_voice@1 to /home/initmanfig/.config/discord/0.0.61/modules/pending/discord_voice-1.zip: 28%
2024-07-27T17:10:42.587Z [Modules] Streaming discord_voice@1 to /home/initmanfig/.config/discord/0.0.61/modules/pending/discord_voice-1.zip: 29%
2024-07-27T17:10:42.590Z [Modules] Streaming discord_voice@1 to /home/initmanfig/.config/discord/0.0.61/modules/pending/discord_voice-1.zip: 30%
2024-07-27T17:10:42.594Z [Modules] Streaming discord_voice@1 to /home/initmanfig/.config/discord/0.0.61/modules/pending/discord_voice-1.zip: 31%
2024-07-27T17:10:42.597Z [Modules] Streaming discord_voice@1 to /home/initmanfig/.config/discord/0.0.61/modules/pending/discord_voice-1.zip: 32%
2024-07-27T17:10:42.601Z [Modules] Streaming discord_voice@1 to /home/initmanfig/.config/discord/0.0.61/modules/pending/discord_voice-1.zip: 33%
2024-07-27T17:10:42.603Z [Modules] Streaming discord_voice@1 to /home/initmanfig/.config/discord/0.0.61/modules/pending/discord_voice-1.zip: 34%
2024-07-27T17:10:42.606Z [Modules] Streaming discord_voice@1 to /home/initmanfig/.config/discord/0.0.61/modules/pending/discord_voice-1.zip: 35%
2024-07-27T17:10:42.610Z [Modules] Streaming discord_voice@1 to /home/initmanfig/.config/discord/0.0.61/modules/pending/discord_voice-1.zip: 36%
2024-07-27T17:10:42.614Z [Modules] Streaming discord_voice@1 to /home/initmanfig/.config/discord/0.0.61/modules/pending/discord_voice-1.zip: 37%
2024-07-27T17:10:42.618Z [Modules] Streaming discord_voice@1 to /home/initmanfig/.config/discord/0.0.61/modules/pending/discord_voice-1.zip: 38%
2024-07-27T17:10:42.620Z [Modules] Streaming discord_voice@1 to /home/initmanfig/.config/discord/0.0.61/modules/pending/discord_voice-1.zip: 39%
2024-07-27T17:10:42.623Z [Modules] Streaming discord_voice@1 to /home/initmanfig/.config/discord/0.0.61/modules/pending/discord_voice-1.zip: 40%
2024-07-27T17:10:42.627Z [Modules] Streaming discord_voice@1 to /home/initmanfig/.config/discord/0.0.61/modules/pending/discord_voice-1.zip: 41%
2024-07-27T17:10:42.631Z [Modules] Streaming discord_voice@1 to /home/initmanfig/.config/discord/0.0.61/modules/pending/discord_voice-1.zip: 42%
2024-07-27T17:10:42.635Z [Modules] Streaming discord_voice@1 to /home/initmanfig/.config/discord/0.0.61/modules/pending/discord_voice-1.zip: 43%
2024-07-27T17:10:42.638Z [Modules] Streaming discord_voice@1 to /home/initmanfig/.config/discord/0.0.61/modules/pending/discord_voice-1.zip: 44%
2024-07-27T17:10:42.641Z [Modules] Streaming discord_voice@1 to /home/initmanfig/.config/discord/0.0.61/modules/pending/discord_voice-1.zip: 45%
2024-07-27T17:10:42.648Z [Modules] Streaming discord_voice@1 to /home/initmanfig/.config/discord/0.0.61/modules/pending/discord_voice-1.zip: 46%
2024-07-27T17:10:42.650Z [Modules] Streaming discord_voice@1 to /home/initmanfig/.config/discord/0.0.61/modules/pending/discord_voice-1.zip: 47%
2024-07-27T17:10:42.673Z [Modules] Streaming discord_voice@1 to /home/initmanfig/.config/discord/0.0.61/modules/pending/discord_voice-1.zip: 48%
2024-07-27T17:10:42.678Z [Modules] Streaming discord_voice@1 to /home/initmanfig/.config/discord/0.0.61/modules/pending/discord_voice-1.zip: 49%
2024-07-27T17:10:42.682Z [Modules] Streaming discord_voice@1 to /home/initmanfig/.config/discord/0.0.61/modules/pending/discord_voice-1.zip: 50%
2024-07-27T17:10:42.686Z [Modules] Streaming discord_voice@1 to /home/initmanfig/.config/discord/0.0.61/modules/pending/discord_voice-1.zip: 51%
2024-07-27T17:10:42.688Z [Modules] Streaming discord_voice@1 to /home/initmanfig/.config/discord/0.0.61/modules/pending/discord_voice-1.zip: 52%
2024-07-27T17:10:42.691Z [Modules] Streaming discord_voice@1 to /home/initmanfig/.config/discord/0.0.61/modules/pending/discord_voice-1.zip: 53%
2024-07-27T17:10:42.694Z [Modules] Streaming discord_voice@1 to /home/initmanfig/.config/discord/0.0.61/modules/pending/discord_voice-1.zip: 54%
2024-07-27T17:10:42.697Z [Modules] Streaming discord_voice@1 to /home/initmanfig/.config/discord/0.0.61/modules/pending/discord_voice-1.zip: 55%
2024-07-27T17:10:42.701Z [Modules] Streaming discord_voice@1 to /home/initmanfig/.config/discord/0.0.61/modules/pending/discord_voice-1.zip: 56%
2024-07-27T17:10:42.704Z [Modules] Streaming discord_voice@1 to /home/initmanfig/.config/discord/0.0.61/modules/pending/discord_voice-1.zip: 57%
2024-07-27T17:10:42.706Z [Modules] Streaming discord_voice@1 to /home/initmanfig/.config/discord/0.0.61/modules/pending/discord_voice-1.zip: 58%
2024-07-27T17:10:42.708Z [Modules] Streaming discord_voice@1 to /home/initmanfig/.config/discord/0.0.61/modules/pending/discord_voice-1.zip: 59%
2024-07-27T17:10:42.710Z [Modules] Streaming discord_voice@1 to /home/initmanfig/.config/discord/0.0.61/modules/pending/discord_voice-1.zip: 60%
2024-07-27T17:10:42.714Z [Modules] Streaming discord_voice@1 to /home/initmanfig/.config/discord/0.0.61/modules/pending/discord_voice-1.zip: 61%
2024-07-27T17:10:42.718Z [Modules] Streaming discord_voice@1 to /home/initmanfig/.config/discord/0.0.61/modules/pending/discord_voice-1.zip: 62%
2024-07-27T17:10:42.720Z [Modules] Streaming discord_voice@1 to /home/initmanfig/.config/discord/0.0.61/modules/pending/discord_voice-1.zip: 63%
2024-07-27T17:10:42.724Z [Modules] Streaming discord_voice@1 to /home/initmanfig/.config/discord/0.0.61/modules/pending/discord_voice-1.zip: 64%
2024-07-27T17:10:42.726Z [Modules] Streaming discord_voice@1 to /home/initmanfig/.config/discord/0.0.61/modules/pending/discord_voice-1.zip: 65%
2024-07-27T17:10:42.730Z [Modules] Streaming discord_voice@1 to /home/initmanfig/.config/discord/0.0.61/modules/pending/discord_voice-1.zip: 66%
2024-07-27T17:10:42.734Z [Modules] Streaming discord_voice@1 to /home/initmanfig/.config/discord/0.0.61/modules/pending/discord_voice-1.zip: 67%
2024-07-27T17:10:42.738Z [Modules] Streaming discord_voice@1 to /home/initmanfig/.config/discord/0.0.61/modules/pending/discord_voice-1.zip: 68%
2024-07-27T17:10:42.740Z [Modules] Streaming discord_voice@1 to /home/initmanfig/.config/discord/0.0.61/modules/pending/discord_voice-1.zip: 69%
2024-07-27T17:10:42.743Z [Modules] Streaming discord_voice@1 to /home/initmanfig/.config/discord/0.0.61/modules/pending/discord_voice-1.zip: 70%
2024-07-27T17:10:42.748Z [Modules] Streaming discord_voice@1 to /home/initmanfig/.config/discord/0.0.61/modules/pending/discord_voice-1.zip: 71%
2024-07-27T17:10:42.753Z [Modules] Streaming discord_voice@1 to /home/initmanfig/.config/discord/0.0.61/modules/pending/discord_voice-1.zip: 72%
2024-07-27T17:10:42.754Z [Modules] Streaming discord_voice@1 to /home/initmanfig/.config/discord/0.0.61/modules/pending/discord_voice-1.zip: 73%
2024-07-27T17:10:42.758Z [Modules] Streaming discord_voice@1 to /home/initmanfig/.config/discord/0.0.61/modules/pending/discord_voice-1.zip: 74%
2024-07-27T17:10:42.760Z [Modules] Streaming discord_voice@1 to /home/initmanfig/.config/discord/0.0.61/modules/pending/discord_voice-1.zip: 75%
2024-07-27T17:10:42.764Z [Modules] Streaming discord_voice@1 to /home/initmanfig/.config/discord/0.0.61/modules/pending/discord_voice-1.zip: 76%
2024-07-27T17:10:42.768Z [Modules] Streaming discord_voice@1 to /home/initmanfig/.config/discord/0.0.61/modules/pending/discord_voice-1.zip: 77%
2024-07-27T17:10:42.771Z [Modules] Streaming discord_voice@1 to /home/initmanfig/.config/discord/0.0.61/modules/pending/discord_voice-1.zip: 78%
2024-07-27T17:10:42.774Z [Modules] Streaming discord_voice@1 to /home/initmanfig/.config/discord/0.0.61/modules/pending/discord_voice-1.zip: 79%
2024-07-27T17:10:42.777Z [Modules] Streaming discord_voice@1 to /home/initmanfig/.config/discord/0.0.61/modules/pending/discord_voice-1.zip: 80%
2024-07-27T17:10:42.781Z [Modules] Streaming discord_voice@1 to /home/initmanfig/.config/discord/0.0.61/modules/pending/discord_voice-1.zip: 81%
2024-07-27T17:10:42.790Z [Modules] Streaming discord_voice@1 to /home/initmanfig/.config/discord/0.0.61/modules/pending/discord_voice-1.zip: 82%
2024-07-27T17:10:42.792Z [Modules] Streaming discord_voice@1 to /home/initmanfig/.config/discord/0.0.61/modules/pending/discord_voice-1.zip: 83%
2024-07-27T17:10:42.795Z [Modules] Streaming discord_voice@1 to /home/initmanfig/.config/discord/0.0.61/modules/pending/discord_voice-1.zip: 84%
2024-07-27T17:10:42.797Z [Modules] Streaming discord_voice@1 to /home/initmanfig/.config/discord/0.0.61/modules/pending/discord_voice-1.zip: 85%
2024-07-27T17:10:42.800Z [Modules] Streaming discord_voice@1 to /home/initmanfig/.config/discord/0.0.61/modules/pending/discord_voice-1.zip: 86%
2024-07-27T17:10:42.804Z [Modules] Streaming discord_voice@1 to /home/initmanfig/.config/discord/0.0.61/modules/pending/discord_voice-1.zip: 87%
2024-07-27T17:10:42.831Z [Modules] Streaming discord_voice@1 to /home/initmanfig/.config/discord/0.0.61/modules/pending/discord_voice-1.zip: 88%
2024-07-27T17:10:42.833Z [Modules] Streaming discord_voice@1 to /home/initmanfig/.config/discord/0.0.61/modules/pending/discord_voice-1.zip: 89%
2024-07-27T17:10:42.837Z [Modules] Streaming discord_voice@1 to /home/initmanfig/.config/discord/0.0.61/modules/pending/discord_voice-1.zip: 90%
2024-07-27T17:10:42.839Z [Modules] Streaming discord_voice@1 to /home/initmanfig/.config/discord/0.0.61/modules/pending/discord_voice-1.zip: 91%
2024-07-27T17:10:42.842Z [Modules] Streaming discord_voice@1 to /home/initmanfig/.config/discord/0.0.61/modules/pending/discord_voice-1.zip: 92%
2024-07-27T17:10:42.845Z [Modules] Streaming discord_voice@1 to /home/initmanfig/.config/discord/0.0.61/modules/pending/discord_voice-1.zip: 93%
2024-07-27T17:10:42.847Z [Modules] Streaming discord_voice@1 to /home/initmanfig/.config/discord/0.0.61/modules/pending/discord_voice-1.zip: 94%
2024-07-27T17:10:42.851Z [Modules] Streaming discord_voice@1 to /home/initmanfig/.config/discord/0.0.61/modules/pending/discord_voice-1.zip: 95%
2024-07-27T17:10:42.853Z [Modules] Streaming discord_voice@1 to /home/initmanfig/.config/discord/0.0.61/modules/pending/discord_voice-1.zip: 96%
2024-07-27T17:10:42.856Z [Modules] Streaming discord_voice@1 to /home/initmanfig/.config/discord/0.0.61/modules/pending/discord_voice-1.zip: 97%
2024-07-27T17:10:42.858Z [Modules] Streaming discord_voice@1 to /home/initmanfig/.config/discord/0.0.61/modules/pending/discord_voice-1.zip: 98%
2024-07-27T17:10:42.860Z [Modules] Streaming discord_voice@1 to /home/initmanfig/.config/discord/0.0.61/modules/pending/discord_voice-1.zip: 99%
2024-07-27T17:10:42.863Z [Modules] Streaming discord_voice@1 to /home/initmanfig/.config/discord/0.0.61/modules/pending/discord_voice-1.zip: 100%
2024-07-27T17:10:42.868Z [Modules] Fetching discord_zstd@1 from https://discord.com/api/modules/stable/discord_zstd/1
2024-07-27T17:10:42.868Z [Modules] Streaming discord_zstd@1 to /home/initmanfig/.config/discord/0.0.61/modules/pending/discord_zstd-1.zip
2024-07-27T17:10:43.074Z [Modules] Streaming discord_zstd@1 to /home/initmanfig/.config/discord/0.0.61/modules/pending/discord_zstd-1.zip: 16%
2024-07-27T17:10:43.076Z [Modules] Streaming discord_zstd@1 to /home/initmanfig/.config/discord/0.0.61/modules/pending/discord_zstd-1.zip: 36%
2024-07-27T17:10:43.078Z [Modules] Streaming discord_zstd@1 to /home/initmanfig/.config/discord/0.0.61/modules/pending/discord_zstd-1.zip: 68%
2024-07-27T17:10:43.080Z [Modules] Streaming discord_zstd@1 to /home/initmanfig/.config/discord/0.0.61/modules/pending/discord_zstd-1.zip: 100%
2024-07-27T17:10:43.084Z [Modules] Finished module downloads. [success: 6] [failure: 0]
2024-07-27T17:10:43.084Z [Modules] Installing updates...
2024-07-27T17:10:43.084Z [Modules] Installing discord_desktop_core@1 from /home/initmanfig/.config/discord/0.0.61/modules/pending/discord_desktop_core-1.zip
2024-07-27T17:10:43.383Z [Modules] Installing discord_erlpack@1 from /home/initmanfig/.config/discord/0.0.61/modules/pending/discord_erlpack-1.zip
2024-07-27T17:10:43.489Z [Modules] Installing discord_spellcheck@1 from /home/initmanfig/.config/discord/0.0.61/modules/pending/discord_spellcheck-1.zip
2024-07-27T17:10:44.738Z [Modules] Installing discord_utils@1 from /home/initmanfig/.config/discord/0.0.61/modules/pending/discord_utils-1.zip
2024-07-27T17:10:44.939Z [Modules] Installing discord_voice@1 from /home/initmanfig/.config/discord/0.0.61/modules/pending/discord_voice-1.zip
2024-07-27T17:10:45.839Z [Modules] Installing discord_zstd@1 from /home/initmanfig/.config/discord/0.0.61/modules/pending/discord_zstd-1.zip
2024-07-27T17:10:45.855Z [Modules] Finished module installations. [success: 6] [failure: 0]
2024-07-27T17:10:45.856Z [Modules] Checking for host updates.
2024-07-27T17:10:45.976Z [Modules] Host is up to date.
2024-07-27T17:10:45.976Z [Modules] Checking for module updates at https://discord.com/api/modules/stable/versions.json
2024-07-27T17:10:45.984Z [Modules] No module updates available.
2024-07-27T17:10:48.020Z [Modules] Starting to install discord_krisp...
2024-07-27T17:10:48.021Z [Modules] Fetching discord_krisp@1 from https://discord.com/api/modules/stable/discord_krisp/1
2024-07-27T17:10:48.021Z [Modules] Streaming discord_krisp@1 to /home/initmanfig/.config/discord/0.0.61/modules/pending/discord_krisp-1.zip
2024-07-27T17:10:48.033Z [Modules] Starting to install discord_game_utils...
2024-07-27T17:10:48.227Z [Modules] Streaming discord_krisp@1 to /home/initmanfig/.config/discord/0.0.61/modules/pending/discord_krisp-1.zip: 1%
2024-07-27T17:10:48.230Z [Modules] Streaming discord_krisp@1 to /home/initmanfig/.config/discord/0.0.61/modules/pending/discord_krisp-1.zip: 2%
2024-07-27T17:10:48.235Z [Modules] Streaming discord_krisp@1 to /home/initmanfig/.config/discord/0.0.61/modules/pending/discord_krisp-1.zip: 3%
2024-07-27T17:10:48.238Z [Modules] Streaming discord_krisp@1 to /home/initmanfig/.config/discord/0.0.61/modules/pending/discord_krisp-1.zip: 4%
2024-07-27T17:10:48.241Z [Modules] Streaming discord_krisp@1 to /home/initmanfig/.config/discord/0.0.61/modules/pending/discord_krisp-1.zip: 5%
2024-07-27T17:10:48.244Z [Modules] Streaming discord_krisp@1 to /home/initmanfig/.config/discord/0.0.61/modules/pending/discord_krisp-1.zip: 6%
2024-07-27T17:10:48.247Z [Modules] Streaming discord_krisp@1 to /home/initmanfig/.config/discord/0.0.61/modules/pending/discord_krisp-1.zip: 7%
2024-07-27T17:10:48.251Z [Modules] Streaming discord_krisp@1 to /home/initmanfig/.config/discord/0.0.61/modules/pending/discord_krisp-1.zip: 8%
2024-07-27T17:10:48.255Z [Modules] Streaming discord_krisp@1 to /home/initmanfig/.config/discord/0.0.61/modules/pending/discord_krisp-1.zip: 9%
2024-07-27T17:10:48.257Z [Modules] Streaming discord_krisp@1 to /home/initmanfig/.config/discord/0.0.61/modules/pending/discord_krisp-1.zip: 10%
2024-07-27T17:10:48.260Z [Modules] Streaming discord_krisp@1 to /home/initmanfig/.config/discord/0.0.61/modules/pending/discord_krisp-1.zip: 11%
2024-07-27T17:10:48.264Z [Modules] Streaming discord_krisp@1 to /home/initmanfig/.config/discord/0.0.61/modules/pending/discord_krisp-1.zip: 12%
2024-07-27T17:10:48.267Z [Modules] Streaming discord_krisp@1 to /home/initmanfig/.config/discord/0.0.61/modules/pending/discord_krisp-1.zip: 13%
2024-07-27T17:10:48.271Z [Modules] Streaming discord_krisp@1 to /home/initmanfig/.config/discord/0.0.61/modules/pending/discord_krisp-1.zip: 14%
2024-07-27T17:10:48.279Z [Modules] Streaming discord_krisp@1 to /home/initmanfig/.config/discord/0.0.61/modules/pending/discord_krisp-1.zip: 15%
2024-07-27T17:10:48.280Z [Modules] Streaming discord_krisp@1 to /home/initmanfig/.config/discord/0.0.61/modules/pending/discord_krisp-1.zip: 16%
2024-07-27T17:10:48.284Z [Modules] Streaming discord_krisp@1 to /home/initmanfig/.config/discord/0.0.61/modules/pending/discord_krisp-1.zip: 17%
2024-07-27T17:10:48.286Z [Modules] Streaming discord_krisp@1 to /home/initmanfig/.config/discord/0.0.61/modules/pending/discord_krisp-1.zip: 18%
2024-07-27T17:10:48.289Z [Modules] Streaming discord_krisp@1 to /home/initmanfig/.config/discord/0.0.61/modules/pending/discord_krisp-1.zip: 19%
2024-07-27T17:10:48.292Z [Modules] Streaming discord_krisp@1 to /home/initmanfig/.config/discord/0.0.61/modules/pending/discord_krisp-1.zip: 20%
2024-07-27T17:10:48.296Z [Modules] Streaming discord_krisp@1 to /home/initmanfig/.config/discord/0.0.61/modules/pending/discord_krisp-1.zip: 21%
2024-07-27T17:10:48.300Z [Modules] Streaming discord_krisp@1 to /home/initmanfig/.config/discord/0.0.61/modules/pending/discord_krisp-1.zip: 22%
2024-07-27T17:10:48.302Z [Modules] Streaming discord_krisp@1 to /home/initmanfig/.config/discord/0.0.61/modules/pending/discord_krisp-1.zip: 23%
2024-07-27T17:10:48.305Z [Modules] Streaming discord_krisp@1 to /home/initmanfig/.config/discord/0.0.61/modules/pending/discord_krisp-1.zip: 24%
2024-07-27T17:10:48.308Z [Modules] Streaming discord_krisp@1 to /home/initmanfig/.config/discord/0.0.61/modules/pending/discord_krisp-1.zip: 25%
2024-07-27T17:10:48.310Z [Modules] Streaming discord_krisp@1 to /home/initmanfig/.config/discord/0.0.61/modules/pending/discord_krisp-1.zip: 26%
2024-07-27T17:10:48.315Z [Modules] Streaming discord_krisp@1 to /home/initmanfig/.config/discord/0.0.61/modules/pending/discord_krisp-1.zip: 27%
2024-07-27T17:10:48.319Z [Modules] Streaming discord_krisp@1 to /home/initmanfig/.config/discord/0.0.61/modules/pending/discord_krisp-1.zip: 28%
2024-07-27T17:10:48.322Z [Modules] Streaming discord_krisp@1 to /home/initmanfig/.config/discord/0.0.61/modules/pending/discord_krisp-1.zip: 29%
2024-07-27T17:10:48.326Z [Modules] Streaming discord_krisp@1 to /home/initmanfig/.config/discord/0.0.61/modules/pending/discord_krisp-1.zip: 30%
2024-07-27T17:10:48.328Z [Modules] Streaming discord_krisp@1 to /home/initmanfig/.config/discord/0.0.61/modules/pending/discord_krisp-1.zip: 31%
2024-07-27T17:10:48.331Z [Modules] Streaming discord_krisp@1 to /home/initmanfig/.config/discord/0.0.61/modules/pending/discord_krisp-1.zip: 32%
2024-07-27T17:10:48.346Z [Modules] Streaming discord_krisp@1 to /home/initmanfig/.config/discord/0.0.61/modules/pending/discord_krisp-1.zip: 33%
2024-07-27T17:10:48.354Z [Modules] Streaming discord_krisp@1 to /home/initmanfig/.config/discord/0.0.61/modules/pending/discord_krisp-1.zip: 34%
2024-07-27T17:10:48.356Z [Modules] Streaming discord_krisp@1 to /home/initmanfig/.config/discord/0.0.61/modules/pending/discord_krisp-1.zip: 35%
2024-07-27T17:10:48.362Z [Modules] Streaming discord_krisp@1 to /home/initmanfig/.config/discord/0.0.61/modules/pending/discord_krisp-1.zip: 36%
2024-07-27T17:10:48.368Z [Modules] Streaming discord_krisp@1 to /home/initmanfig/.config/discord/0.0.61/modules/pending/discord_krisp-1.zip: 37%
2024-07-27T17:10:48.370Z [Modules] Streaming discord_krisp@1 to /home/initmanfig/.config/discord/0.0.61/modules/pending/discord_krisp-1.zip: 38%
2024-07-27T17:10:48.374Z [Modules] Streaming discord_krisp@1 to /home/initmanfig/.config/discord/0.0.61/modules/pending/discord_krisp-1.zip: 39%
2024-07-27T17:10:48.382Z [Modules] Streaming discord_krisp@1 to /home/initmanfig/.config/discord/0.0.61/modules/pending/discord_krisp-1.zip: 40%
2024-07-27T17:10:48.384Z [Modules] Streaming discord_krisp@1 to /home/initmanfig/.config/discord/0.0.61/modules/pending/discord_krisp-1.zip: 41%
2024-07-27T17:10:48.388Z [Modules] Streaming discord_krisp@1 to /home/initmanfig/.config/discord/0.0.61/modules/pending/discord_krisp-1.zip: 42%
2024-07-27T17:10:48.391Z [Modules] Streaming discord_krisp@1 to /home/initmanfig/.config/discord/0.0.61/modules/pending/discord_krisp-1.zip: 43%
2024-07-27T17:10:48.395Z [Modules] Streaming discord_krisp@1 to /home/initmanfig/.config/discord/0.0.61/modules/pending/discord_krisp-1.zip: 44%
2024-07-27T17:10:48.398Z [Modules] Streaming discord_krisp@1 to /home/initmanfig/.config/discord/0.0.61/modules/pending/discord_krisp-1.zip: 45%
2024-07-27T17:10:48.402Z [Modules] Streaming discord_krisp@1 to /home/initmanfig/.config/discord/0.0.61/modules/pending/discord_krisp-1.zip: 46%
2024-07-27T17:10:48.404Z [Modules] Streaming discord_krisp@1 to /home/initmanfig/.config/discord/0.0.61/modules/pending/discord_krisp-1.zip: 47%
2024-07-27T17:10:48.408Z [Modules] Streaming discord_krisp@1 to /home/initmanfig/.config/discord/0.0.61/modules/pending/discord_krisp-1.zip: 48%
2024-07-27T17:10:48.411Z [Modules] Streaming discord_krisp@1 to /home/initmanfig/.config/discord/0.0.61/modules/pending/discord_krisp-1.zip: 49%
2024-07-27T17:10:48.414Z [Modules] Streaming discord_krisp@1 to /home/initmanfig/.config/discord/0.0.61/modules/pending/discord_krisp-1.zip: 50%
2024-07-27T17:10:48.418Z [Modules] Streaming discord_krisp@1 to /home/initmanfig/.config/discord/0.0.61/modules/pending/discord_krisp-1.zip: 51%
2024-07-27T17:10:48.421Z [Modules] Streaming discord_krisp@1 to /home/initmanfig/.config/discord/0.0.61/modules/pending/discord_krisp-1.zip: 52%
2024-07-27T17:10:48.426Z [Modules] Streaming discord_krisp@1 to /home/initmanfig/.config/discord/0.0.61/modules/pending/discord_krisp-1.zip: 53%
2024-07-27T17:10:48.430Z [Modules] Streaming discord_krisp@1 to /home/initmanfig/.config/discord/0.0.61/modules/pending/discord_krisp-1.zip: 54%
2024-07-27T17:10:48.431Z [Modules] Streaming discord_krisp@1 to /home/initmanfig/.config/discord/0.0.61/modules/pending/discord_krisp-1.zip: 55%
2024-07-27T17:10:48.436Z [Modules] Streaming discord_krisp@1 to /home/initmanfig/.config/discord/0.0.61/modules/pending/discord_krisp-1.zip: 56%
2024-07-27T17:10:48.443Z [Modules] Streaming discord_krisp@1 to /home/initmanfig/.config/discord/0.0.61/modules/pending/discord_krisp-1.zip: 57%
2024-07-27T17:10:48.446Z [Modules] Streaming discord_krisp@1 to /home/initmanfig/.config/discord/0.0.61/modules/pending/discord_krisp-1.zip: 58%
2024-07-27T17:10:48.450Z [Modules] Streaming discord_krisp@1 to /home/initmanfig/.config/discord/0.0.61/modules/pending/discord_krisp-1.zip: 59%
2024-07-27T17:10:48.453Z [Modules] Streaming discord_krisp@1 to /home/initmanfig/.config/discord/0.0.61/modules/pending/discord_krisp-1.zip: 60%
2024-07-27T17:10:48.458Z [Modules] Streaming discord_krisp@1 to /home/initmanfig/.config/discord/0.0.61/modules/pending/discord_krisp-1.zip: 61%
2024-07-27T17:10:48.467Z [Modules] Streaming discord_krisp@1 to /home/initmanfig/.config/discord/0.0.61/modules/pending/discord_krisp-1.zip: 63%
2024-07-27T17:10:48.470Z [Modules] Streaming discord_krisp@1 to /home/initmanfig/.config/discord/0.0.61/modules/pending/discord_krisp-1.zip: 64%
2024-07-27T17:10:48.477Z [Modules] Streaming discord_krisp@1 to /home/initmanfig/.config/discord/0.0.61/modules/pending/discord_krisp-1.zip: 66%
2024-07-27T17:10:48.504Z [Modules] Streaming discord_krisp@1 to /home/initmanfig/.config/discord/0.0.61/modules/pending/discord_krisp-1.zip: 70%
2024-07-27T17:10:48.512Z [Modules] Streaming discord_krisp@1 to /home/initmanfig/.config/discord/0.0.61/modules/pending/discord_krisp-1.zip: 75%
2024-07-27T17:10:48.515Z [Modules] Streaming discord_krisp@1 to /home/initmanfig/.config/discord/0.0.61/modules/pending/discord_krisp-1.zip: 78%
2024-07-27T17:10:48.518Z [Modules] Streaming discord_krisp@1 to /home/initmanfig/.config/discord/0.0.61/modules/pending/discord_krisp-1.zip: 79%
2024-07-27T17:10:48.521Z [Modules] Streaming discord_krisp@1 to /home/initmanfig/.config/discord/0.0.61/modules/pending/discord_krisp-1.zip: 80%
2024-07-27T17:10:48.525Z [Modules] Streaming discord_krisp@1 to /home/initmanfig/.config/discord/0.0.61/modules/pending/discord_krisp-1.zip: 81%
2024-07-27T17:10:48.600Z [Modules] Streaming discord_krisp@1 to /home/initmanfig/.config/discord/0.0.61/modules/pending/discord_krisp-1.zip: 82%
2024-07-27T17:10:48.609Z [Modules] Streaming discord_krisp@1 to /home/initmanfig/.config/discord/0.0.61/modules/pending/discord_krisp-1.zip: 83%
2024-07-27T17:10:48.612Z [Modules] Streaming discord_krisp@1 to /home/initmanfig/.config/discord/0.0.61/modules/pending/discord_krisp-1.zip: 84%
2024-07-27T17:10:48.613Z [Modules] Streaming discord_krisp@1 to /home/initmanfig/.config/discord/0.0.61/modules/pending/discord_krisp-1.zip: 85%
2024-07-27T17:10:48.615Z [Modules] Streaming discord_krisp@1 to /home/initmanfig/.config/discord/0.0.61/modules/pending/discord_krisp-1.zip: 86%
2024-07-27T17:10:48.619Z [Modules] Streaming discord_krisp@1 to /home/initmanfig/.config/discord/0.0.61/modules/pending/discord_krisp-1.zip: 87%
2024-07-27T17:10:48.703Z [Modules] Streaming discord_krisp@1 to /home/initmanfig/.config/discord/0.0.61/modules/pending/discord_krisp-1.zip: 88%
2024-07-27T17:10:48.704Z [Modules] Streaming discord_krisp@1 to /home/initmanfig/.config/discord/0.0.61/modules/pending/discord_krisp-1.zip: 89%
2024-07-27T17:10:48.708Z [Modules] Streaming discord_krisp@1 to /home/initmanfig/.config/discord/0.0.61/modules/pending/discord_krisp-1.zip: 90%
2024-07-27T17:10:48.712Z [Modules] Streaming discord_krisp@1 to /home/initmanfig/.config/discord/0.0.61/modules/pending/discord_krisp-1.zip: 91%
2024-07-27T17:10:48.763Z [Modules] Streaming discord_krisp@1 to /home/initmanfig/.config/discord/0.0.61/modules/pending/discord_krisp-1.zip: 96%
2024-07-27T17:10:48.791Z [Modules] Streaming discord_krisp@1 to /home/initmanfig/.config/discord/0.0.61/modules/pending/discord_krisp-1.zip: 97%
2024-07-27T17:10:48.797Z [Modules] Streaming discord_krisp@1 to /home/initmanfig/.config/discord/0.0.61/modules/pending/discord_krisp-1.zip: 98%
2024-07-27T17:10:48.798Z [Modules] Streaming discord_krisp@1 to /home/initmanfig/.config/discord/0.0.61/modules/pending/discord_krisp-1.zip: 99%
2024-07-27T17:10:48.799Z [Modules] Streaming discord_krisp@1 to /home/initmanfig/.config/discord/0.0.61/modules/pending/discord_krisp-1.zip: 100%
2024-07-27T17:10:48.801Z [Modules] Fetching discord_game_utils@1 from https://discord.com/api/modules/stable/discord_game_utils/1
2024-07-27T17:10:48.802Z [Modules] Streaming discord_game_utils@1 to /home/initmanfig/.config/discord/0.0.61/modules/pending/discord_game_utils-1.zip
2024-07-27T17:10:48.802Z [Modules] Installing discord_krisp@1 from /home/initmanfig/.config/discord/0.0.61/modules/pending/discord_krisp-1.zip
2024-07-27T17:10:48.991Z [Modules] Streaming discord_game_utils@1 to /home/initmanfig/.config/discord/0.0.61/modules/pending/discord_game_utils-1.zip: 2%
2024-07-27T17:10:48.991Z [Modules] Streaming discord_game_utils@1 to /home/initmanfig/.config/discord/0.0.61/modules/pending/discord_game_utils-1.zip: 3%
2024-07-27T17:10:48.992Z [Modules] Streaming discord_game_utils@1 to /home/initmanfig/.config/discord/0.0.61/modules/pending/discord_game_utils-1.zip: 5%
2024-07-27T17:10:48.996Z [Modules] Streaming discord_game_utils@1 to /home/initmanfig/.config/discord/0.0.61/modules/pending/discord_game_utils-1.zip: 8%
2024-07-27T17:10:48.996Z [Modules] Streaming discord_game_utils@1 to /home/initmanfig/.config/discord/0.0.61/modules/pending/discord_game_utils-1.zip: 11%
2024-07-27T17:10:48.997Z [Modules] Streaming discord_game_utils@1 to /home/initmanfig/.config/discord/0.0.61/modules/pending/discord_game_utils-1.zip: 12%
2024-07-27T17:10:48.997Z [Modules] Streaming discord_game_utils@1 to /home/initmanfig/.config/discord/0.0.61/modules/pending/discord_game_utils-1.zip: 17%
2024-07-27T17:10:48.998Z [Modules] Streaming discord_game_utils@1 to /home/initmanfig/.config/discord/0.0.61/modules/pending/discord_game_utils-1.zip: 19%
2024-07-27T17:10:48.999Z [Modules] Streaming discord_game_utils@1 to /home/initmanfig/.config/discord/0.0.61/modules/pending/discord_game_utils-1.zip: 21%
2024-07-27T17:10:48.999Z [Modules] Streaming discord_game_utils@1 to /home/initmanfig/.config/discord/0.0.61/modules/pending/discord_game_utils-1.zip: 24%
2024-07-27T17:10:49.000Z [Modules] Streaming discord_game_utils@1 to /home/initmanfig/.config/discord/0.0.61/modules/pending/discord_game_utils-1.zip: 26%
2024-07-27T17:10:49.002Z [Modules] Streaming discord_game_utils@1 to /home/initmanfig/.config/discord/0.0.61/modules/pending/discord_game_utils-1.zip: 28%
2024-07-27T17:10:49.002Z [Modules] Streaming discord_game_utils@1 to /home/initmanfig/.config/discord/0.0.61/modules/pending/discord_game_utils-1.zip: 30%
2024-07-27T17:10:49.005Z [Modules] Streaming discord_game_utils@1 to /home/initmanfig/.config/discord/0.0.61/modules/pending/discord_game_utils-1.zip: 32%
2024-07-27T17:10:49.006Z [Modules] Streaming discord_game_utils@1 to /home/initmanfig/.config/discord/0.0.61/modules/pending/discord_game_utils-1.zip: 35%
2024-07-27T17:10:49.006Z [Modules] Streaming discord_game_utils@1 to /home/initmanfig/.config/discord/0.0.61/modules/pending/discord_game_utils-1.zip: 37%
2024-07-27T17:10:49.007Z [Modules] Streaming discord_game_utils@1 to /home/initmanfig/.config/discord/0.0.61/modules/pending/discord_game_utils-1.zip: 39%
2024-07-27T17:10:49.007Z [Modules] Streaming discord_game_utils@1 to /home/initmanfig/.config/discord/0.0.61/modules/pending/discord_game_utils-1.zip: 42%
2024-07-27T17:10:49.008Z [Modules] Streaming discord_game_utils@1 to /home/initmanfig/.config/discord/0.0.61/modules/pending/discord_game_utils-1.zip: 44%
2024-07-27T17:10:49.008Z [Modules] Streaming discord_game_utils@1 to /home/initmanfig/.config/discord/0.0.61/modules/pending/discord_game_utils-1.zip: 45%
2024-07-27T17:10:49.009Z [Modules] Streaming discord_game_utils@1 to /home/initmanfig/.config/discord/0.0.61/modules/pending/discord_game_utils-1.zip: 48%
2024-07-27T17:10:49.010Z [Modules] Streaming discord_game_utils@1 to /home/initmanfig/.config/discord/0.0.61/modules/pending/discord_game_utils-1.zip: 50%
2024-07-27T17:10:49.011Z [Modules] Streaming discord_game_utils@1 to /home/initmanfig/.config/discord/0.0.61/modules/pending/discord_game_utils-1.zip: 51%
2024-07-27T17:10:49.013Z [Modules] Streaming discord_game_utils@1 to /home/initmanfig/.config/discord/0.0.61/modules/pending/discord_game_utils-1.zip: 54%
2024-07-27T17:10:49.013Z [Modules] Streaming discord_game_utils@1 to /home/initmanfig/.config/discord/0.0.61/modules/pending/discord_game_utils-1.zip: 57%
2024-07-27T17:10:49.014Z [Modules] Streaming discord_game_utils@1 to /home/initmanfig/.config/discord/0.0.61/modules/pending/discord_game_utils-1.zip: 60%
2024-07-27T17:10:49.015Z [Modules] Streaming discord_game_utils@1 to /home/initmanfig/.config/discord/0.0.61/modules/pending/discord_game_utils-1.zip: 61%
2024-07-27T17:10:49.015Z [Modules] Streaming discord_game_utils@1 to /home/initmanfig/.config/discord/0.0.61/modules/pending/discord_game_utils-1.zip: 64%
2024-07-27T17:10:49.016Z [Modules] Streaming discord_game_utils@1 to /home/initmanfig/.config/discord/0.0.61/modules/pending/discord_game_utils-1.zip: 67%
2024-07-27T17:10:49.017Z [Modules] Streaming discord_game_utils@1 to /home/initmanfig/.config/discord/0.0.61/modules/pending/discord_game_utils-1.zip: 70%
2024-07-27T17:10:49.017Z [Modules] Streaming discord_game_utils@1 to /home/initmanfig/.config/discord/0.0.61/modules/pending/discord_game_utils-1.zip: 71%
2024-07-27T17:10:49.018Z [Modules] Streaming discord_game_utils@1 to /home/initmanfig/.config/discord/0.0.61/modules/pending/discord_game_utils-1.zip: 73%
2024-07-27T17:10:49.019Z [Modules] Streaming discord_game_utils@1 to /home/initmanfig/.config/discord/0.0.61/modules/pending/discord_game_utils-1.zip: 74%
2024-07-27T17:10:49.019Z [Modules] Streaming discord_game_utils@1 to /home/initmanfig/.config/discord/0.0.61/modules/pending/discord_game_utils-1.zip: 75%
2024-07-27T17:10:49.020Z [Modules] Streaming discord_game_utils@1 to /home/initmanfig/.config/discord/0.0.61/modules/pending/discord_game_utils-1.zip: 76%
2024-07-27T17:10:49.021Z [Modules] Streaming discord_game_utils@1 to /home/initmanfig/.config/discord/0.0.61/modules/pending/discord_game_utils-1.zip: 79%
2024-07-27T17:10:49.021Z [Modules] Streaming discord_game_utils@1 to /home/initmanfig/.config/discord/0.0.61/modules/pending/discord_game_utils-1.zip: 80%
2024-07-27T17:10:49.022Z [Modules] Streaming discord_game_utils@1 to /home/initmanfig/.config/discord/0.0.61/modules/pending/discord_game_utils-1.zip: 82%
2024-07-27T17:10:49.022Z [Modules] Streaming discord_game_utils@1 to /home/initmanfig/.config/discord/0.0.61/modules/pending/discord_game_utils-1.zip: 83%
2024-07-27T17:10:49.023Z [Modules] Streaming discord_game_utils@1 to /home/initmanfig/.config/discord/0.0.61/modules/pending/discord_game_utils-1.zip: 86%
2024-07-27T17:10:49.024Z [Modules] Streaming discord_game_utils@1 to /home/initmanfig/.config/discord/0.0.61/modules/pending/discord_game_utils-1.zip: 87%
2024-07-27T17:10:49.024Z [Modules] Streaming discord_game_utils@1 to /home/initmanfig/.config/discord/0.0.61/modules/pending/discord_game_utils-1.zip: 90%
2024-07-27T17:10:49.025Z [Modules] Streaming discord_game_utils@1 to /home/initmanfig/.config/discord/0.0.61/modules/pending/discord_game_utils-1.zip: 91%
2024-07-27T17:10:49.025Z [Modules] Streaming discord_game_utils@1 to /home/initmanfig/.config/discord/0.0.61/modules/pending/discord_game_utils-1.zip: 93%
2024-07-27T17:10:49.027Z [Modules] Streaming discord_game_utils@1 to /home/initmanfig/.config/discord/0.0.61/modules/pending/discord_game_utils-1.zip: 95%
2024-07-27T17:10:49.028Z [Modules] Streaming discord_game_utils@1 to /home/initmanfig/.config/discord/0.0.61/modules/pending/discord_game_utils-1.zip: 97%
2024-07-27T17:10:49.029Z [Modules] Streaming discord_game_utils@1 to /home/initmanfig/.config/discord/0.0.61/modules/pending/discord_game_utils-1.zip: 100%
2024-07-27T17:10:49.030Z [Modules] Finished module downloads. [success: 2] [failure: 0]
2024-07-27T17:10:49.352Z [Modules] Checking for host updates.
2024-07-27T17:10:49.465Z [Modules] Host is up to date.
2024-07-27T17:10:49.465Z [Modules] Checking for module updates at https://discord.com/api/modules/stable/versions.json
2024-07-27T17:10:49.468Z [Modules] No module updates available.
2024-07-27T17:10:49.520Z [Modules] Installing discord_game_utils@1 from /home/initmanfig/.config/discord/0.0.61/modules/pending/discord_game_utils-1.zip
2024-07-27T17:10:49.530Z [Modules] Starting to install discord_rpc...
2024-07-27T17:10:49.530Z [Modules] Fetching discord_rpc@1 from https://discord.com/api/modules/stable/discord_rpc/1
2024-07-27T17:10:49.530Z [Modules] Streaming discord_rpc@1 to /home/initmanfig/.config/discord/0.0.61/modules/pending/discord_rpc-1.zip
2024-07-27T17:10:49.644Z [Modules] Finished module installations. [success: 2] [failure: 0]
2024-07-27T17:10:49.739Z [Modules] Streaming discord_rpc@1 to /home/initmanfig/.config/discord/0.0.61/modules/pending/discord_rpc-1.zip: 100%
2024-07-27T17:10:49.742Z [Modules] Finished module downloads. [success: 1] [failure: 0]
2024-07-27T17:10:49.742Z [Modules] Installing discord_rpc@1 from /home/initmanfig/.config/discord/0.0.61/modules/pending/discord_rpc-1.zip
2024-07-27T17:10:49.770Z [Modules] Finished module installations. [success: 1] [failure: 0]
